<?xml version="1.0" encoding="UTF-8"?>
<testsuite name="TestRunner" time="5.037" tests="14" errors="0" skipped="0" failures="7">
  <properties>
[...]
</properties>
  <testcase name="TS1 and TS2 - Verify response  Changing Instructions only" classname="Testing Patches and final hover positions" time="4.51"/>
  <testcase name="TS1 and TS2 - Verify response  Changing Instructions only" classname="Testing Patches and final hover positions" time="0.094">
    <failure message="expected:&lt;4&gt; but was:&lt;3&gt;" type="java.lang.AssertionError"><![CDATA[java.lang.AssertionError: expected:<4> but was:<3>
	at org.junit.Assert.fail(Assert.java:88)
	at org.junit.Assert.failNotEquals(Assert.java:834)
	at org.junit.Assert.assertEquals(Assert.java:645)
	at org.junit.Assert.assertEquals(Assert.java:631)
	at stepDefinitions.cleaningPatchesTest.number_of_cleaned_patches_is_displayed(cleaningPatchesTest.java:98)
	at ✽.Number of cleaned patches 3 is displayed(file:src/test/resources/features/cleaningPatches.feature:13)
]]></failure>
    <system-out><![CDATA[
  Scenario Outline: TS1 and TS2 - Verify response  Changing Instructions only          # src/test/resources/features/cleaningPatches.feature:17
    Given the roomsize "5,5", coords "1,2", "NESSWS" as instructions                   # cleaningPatchesTest.the_roomsize_coords_patches_and_as_instructions(String,String,String)
1,0
2,2
2,3
    And the patches listofpatches                                                      # cleaningPatchesTest.the_patches_listofpatches(DataTable)
    When post request is made on "http://localhost:8080/v1/cleaning-sessions" endpoint # cleaningPatchesTest.post_request_is_made_on_endpoint(String)
{
    "coords": [
        1,
        0
    ],
    "patches": 4
}
    Then status code 201 is returned                                                   # cleaningPatchesTest.status_code_is_returned(int)
    And Final coords are "[1, 0]" are returned                                         # cleaningPatchesTest.final_coords_are_are_returned(String)
    And Number of cleaned patches 3 is displayed                                       # cleaningPatchesTest.number_of_cleaned_patches_is_displayed(int)
      java.lang.AssertionError: expected:<4> but was:<3>
	at org.junit.Assert.fail(Assert.java:88)
	at org.junit.Assert.failNotEquals(Assert.java:834)
	at org.junit.Assert.assertEquals(Assert.java:645)
	at org.junit.Assert.assertEquals(Assert.java:631)
	at stepDefinitions.cleaningPatchesTest.number_of_cleaned_patches_is_displayed(cleaningPatchesTest.java:98)
	at ?.Number of cleaned patches 3 is displayed(file:src/test/resources/features/cleaningPatches.feature:13)

]]></system-out>
  </testcase>
  <testcase name="TS3 - Verify response Changing Coords only" classname="Testing Patches and final hover positions" time="0.087">
    <failure message="expected:&lt;3&gt; but was:&lt;2&gt;" type="java.lang.AssertionError"><![CDATA[java.lang.AssertionError: expected:<3> but was:<2>
	at org.junit.Assert.fail(Assert.java:88)
	at org.junit.Assert.failNotEquals(Assert.java:834)
	at org.junit.Assert.assertEquals(Assert.java:645)
	at org.junit.Assert.assertEquals(Assert.java:631)
	at stepDefinitions.cleaningPatchesTest.number_of_cleaned_patches_is_displayed(cleaningPatchesTest.java:98)
	at ✽.Number of cleaned patches 2 is displayed(file:src/test/resources/features/cleaningPatches.feature:26)
]]></failure>
    <system-out><![CDATA[
  Scenario Outline: TS3 - Verify response Changing Coords only # src/test/resources/features/cleaningPatches.feature:19
    Given the roomsize "<roomsize>", coords "<cords>", "<instructions>" as instructions
    And the patches listofpatches
    When post request is made on "http://localhost:8080/v1/cleaning-sessions" endpoint
    Then status code <statuscode> is returned
    And Final coords are "<finalCoords>" are returned
    And Number of cleaned patches <patchcount> is displayed

    Examples: 

  Scenario Outline: TS3 - Verify response Changing Coords only                         # src/test/resources/features/cleaningPatches.feature:29
    Given the roomsize "5,5", coords "1,1", "NNESEESWNWW" as instructions              # cleaningPatchesTest.the_roomsize_coords_patches_and_as_instructions(String,String,String)
1,0
2,2
2,3
    And the patches listofpatches                                                      # cleaningPatchesTest.the_patches_listofpatches(DataTable)
    When post request is made on "http://localhost:8080/v1/cleaning-sessions" endpoint # cleaningPatchesTest.post_request_is_made_on_endpoint(String)
{
    "coords": [
        1,
        2
    ],
    "patches": 3
}
    Then status code 201 is returned                                                   # cleaningPatchesTest.status_code_is_returned(int)
    And Final coords are "[1, 2]" are returned                                         # cleaningPatchesTest.final_coords_are_are_returned(String)
    And Number of cleaned patches 2 is displayed                                       # cleaningPatchesTest.number_of_cleaned_patches_is_displayed(int)
      java.lang.AssertionError: expected:<3> but was:<2>
	at org.junit.Assert.fail(Assert.java:88)
	at org.junit.Assert.failNotEquals(Assert.java:834)
	at org.junit.Assert.assertEquals(Assert.java:645)
	at org.junit.Assert.assertEquals(Assert.java:631)
	at stepDefinitions.cleaningPatchesTest.number_of_cleaned_patches_is_displayed(cleaningPatchesTest.java:98)
	at ?.Number of cleaned patches 2 is displayed(file:src/test/resources/features/cleaningPatches.feature:26)

]]></system-out>
  </testcase>
  <testcase name="TS3 - Verify response Changing Coords only" classname="Testing Patches and final hover positions" time="0.214"/>
  <testcase name="TS4 - Verify response  Changing patches only" classname="Testing Patches and final hover positions" time="0.139"/>
  <testcase name="TS5 - Verify response  Changing patches and instructions only" classname="Testing Patches and final hover positions" time="0.059">
    <failure message="expected:&lt;[[1], 1]&gt; but was:&lt;[[2], 1]&gt;" type="org.junit.ComparisonFailure"><![CDATA[org.junit.ComparisonFailure: expected:<[[1], 1]> but was:<[[2], 1]>
	at org.junit.Assert.assertEquals(Assert.java:115)
	at org.junit.Assert.assertEquals(Assert.java:144)
	at stepDefinitions.cleaningPatchesTest.final_coords_are_are_returned(cleaningPatchesTest.java:92)
	at ✽.Final coords are "[2, 1]" are returned(file:src/test/resources/features/cleaningPatches.feature:47)
]]></failure>
    <system-out><![CDATA[
  Scenario: TS5 - Verify response  Changing patches and instructions only              # src/test/resources/features/cleaningPatches.feature:41
    Given the roomsize "5,5", coords "1,2", "NENEESESWSWW" as instructions             # cleaningPatchesTest.the_roomsize_coords_patches_and_as_instructions(String,String,String)
4,4
2,3
3,1
    And the patches listofpatches                                                      # cleaningPatchesTest.the_patches_listofpatches(DataTable)
    When post request is made on "http://localhost:8080/v1/cleaning-sessions" endpoint # cleaningPatchesTest.post_request_is_made_on_endpoint(String)
{
    "coords": [
        1,
        1
    ],
    "patches": 3
}
    Then status code 201 is returned                                                   # cleaningPatchesTest.status_code_is_returned(int)
    And Final coords are "[2, 1]" are returned                                         # cleaningPatchesTest.final_coords_are_are_returned(String)
      org.junit.ComparisonFailure: expected:<[[1], 1]> but was:<[[2], 1]>
	at org.junit.Assert.assertEquals(Assert.java:115)
	at org.junit.Assert.assertEquals(Assert.java:144)
	at stepDefinitions.cleaningPatchesTest.final_coords_are_are_returned(cleaningPatchesTest.java:92)
	at ?.Final coords are "[2, 1]" are returned(file:src/test/resources/features/cleaningPatches.feature:47)

    And Number of cleaned patches 3 is displayed                                       # cleaningPatchesTest.number_of_cleaned_patches_is_displayed(int)
]]></system-out>
  </testcase>
  <testcase name="TS6 - Verify response Changing Coords and Instructions only" classname="Testing Patches and final hover positions" time="0.084">
    <failure message="expected:&lt;[[1], 4]&gt; but was:&lt;[[0], 4]&gt;" type="org.junit.ComparisonFailure"><![CDATA[org.junit.ComparisonFailure: expected:<[[1], 4]> but was:<[[0], 4]>
	at org.junit.Assert.assertEquals(Assert.java:115)
	at org.junit.Assert.assertEquals(Assert.java:144)
	at stepDefinitions.cleaningPatchesTest.final_coords_are_are_returned(cleaningPatchesTest.java:92)
	at ✽.Final coords are "[0, 4]" are returned(file:src/test/resources/features/cleaningPatches.feature:56)
]]></failure>
    <system-out><![CDATA[
  Scenario Outline: TS6 - Verify response Changing Coords and Instructions only # src/test/resources/features/cleaningPatches.feature:50
    Given the roomsize "<roomsize>", coords "<cords>", "<instructions>" as instructions
    And the patches listofpatches
    When post request is made on "http://localhost:8080/v1/cleaning-sessions" endpoint
    Then status code <statuscode> is returned
    And Final coords are "<finalCoords>" are returned
    And Number of cleaned patches <patchcount> is displayed

    Examples: 

  Scenario Outline: TS6 - Verify response Changing Coords and Instructions only        # src/test/resources/features/cleaningPatches.feature:60
    Given the roomsize "5,5", coords "1,3", "NNNNN" as instructions                    # cleaningPatchesTest.the_roomsize_coords_patches_and_as_instructions(String,String,String)
1,0
2,2
2,3
    And the patches listofpatches                                                      # cleaningPatchesTest.the_patches_listofpatches(DataTable)
    When post request is made on "http://localhost:8080/v1/cleaning-sessions" endpoint # cleaningPatchesTest.post_request_is_made_on_endpoint(String)
{
    "coords": [
        1,
        4
    ],
    "patches": 0
}
    Then status code 201 is returned                                                   # cleaningPatchesTest.status_code_is_returned(int)
    And Final coords are "[0, 4]" are returned                                         # cleaningPatchesTest.final_coords_are_are_returned(String)
      org.junit.ComparisonFailure: expected:<[[1], 4]> but was:<[[0], 4]>
	at org.junit.Assert.assertEquals(Assert.java:115)
	at org.junit.Assert.assertEquals(Assert.java:144)
	at stepDefinitions.cleaningPatchesTest.final_coords_are_are_returned(cleaningPatchesTest.java:92)
	at ?.Final coords are "[0, 4]" are returned(file:src/test/resources/features/cleaningPatches.feature:56)

    And Number of cleaned patches 0 is displayed                                       # cleaningPatchesTest.number_of_cleaned_patches_is_displayed(int)
]]></system-out>
  </testcase>
  <testcase name="TS6 - Verify response Changing Coords and Instructions only" classname="Testing Patches and final hover positions" time="0.372"/>
  <testcase name="TS7 - Verifying no of patches cleared - changing coords and patches but instructions fixed" classname="Testing Patches and final hover positions" time="0.041">
    <failure message="expected:&lt;[[1], 3]&gt; but was:&lt;[[2], 3]&gt;" type="org.junit.ComparisonFailure"><![CDATA[org.junit.ComparisonFailure: expected:<[[1], 3]> but was:<[[2], 3]>
	at org.junit.Assert.assertEquals(Assert.java:115)
	at org.junit.Assert.assertEquals(Assert.java:144)
	at stepDefinitions.cleaningPatchesTest.final_coords_are_are_returned(cleaningPatchesTest.java:92)
	at ✽.Final coords are "[2, 3]" are returned(file:src/test/resources/features/cleaningPatches.feature:69)
]]></failure>
    <system-out><![CDATA[
  Scenario: TS7 - Verifying no of patches cleared - changing coords and patches but instructions fixed # src/test/resources/features/cleaningPatches.feature:63
    Given the roomsize "5,5", coords "2,2", "NNESEESWNWW" as instructions                              # cleaningPatchesTest.the_roomsize_coords_patches_and_as_instructions(String,String,String)
1,3
2,4
2,3
    And the patches listofpatches                                                                      # cleaningPatchesTest.the_patches_listofpatches(DataTable)
    When post request is made on "http://localhost:8080/v1/cleaning-sessions" endpoint                 # cleaningPatchesTest.post_request_is_made_on_endpoint(String)
{
    "coords": [
        1,
        3
    ],
    "patches": 3
}
    Then status code 201 is returned                                                                   # cleaningPatchesTest.status_code_is_returned(int)
    And Final coords are "[2, 3]" are returned                                                         # cleaningPatchesTest.final_coords_are_are_returned(String)
      org.junit.ComparisonFailure: expected:<[[1], 3]> but was:<[[2], 3]>
	at org.junit.Assert.assertEquals(Assert.java:115)
	at org.junit.Assert.assertEquals(Assert.java:144)
	at stepDefinitions.cleaningPatchesTest.final_coords_are_are_returned(cleaningPatchesTest.java:92)
	at ?.Final coords are "[2, 3]" are returned(file:src/test/resources/features/cleaningPatches.feature:69)

    And Number of cleaned patches 1 is displayed                                                       # cleaningPatchesTest.number_of_cleaned_patches_is_displayed(int)
]]></system-out>
  </testcase>
  <testcase name="Wrong Instructions provided - error message displayed" classname="Testing  Error Message display" time="0.043">
    <failure message="expected:&lt;201&gt; but was:&lt;400&gt;" type="java.lang.AssertionError"><![CDATA[java.lang.AssertionError: expected:<201> but was:<400>
	at org.junit.Assert.fail(Assert.java:88)
	at org.junit.Assert.failNotEquals(Assert.java:834)
	at org.junit.Assert.assertEquals(Assert.java:645)
	at org.junit.Assert.assertEquals(Assert.java:631)
	at stepDefinitions.cleaningPatchesTest.status_code_is_returned(cleaningPatchesTest.java:86)
	at ✽.status code 400 is returned(file:src/test/resources/features/errorDisplay.feature:11)
]]></failure>
    <system-out><![CDATA[
Feature: Testing  Error Message display
  As a user
  I gave wrong  instructions or patches or hoover  location
  Error code and error message should be displayed

  Scenario Outline: Wrong Instructions provided - error message displayed # src/test/resources/features/errorDisplay.feature:6
    Given the roomsize "<roomsize>", coords "<cords>", "<instructions>" as instructions
    And the patches listofpatches
    When post request is made on "http://localhost:8080/v1/cleaning-sessions" endpoint
    Then status code <statuscode> is returned
    And Error message should display as "<errorMessage>"

    Examples: 

  Scenario Outline: Wrong Instructions provided - error message displayed              # src/test/resources/features/errorDisplay.feature:15
    Given the roomsize "5,5", coords "4,4", "NN" as instructions                       # cleaningPatchesTest.the_roomsize_coords_patches_and_as_instructions(String,String,String)
1,0
2,2
2,3
    And the patches listofpatches                                                      # cleaningPatchesTest.the_patches_listofpatches(DataTable)
    When post request is made on "http://localhost:8080/v1/cleaning-sessions" endpoint # cleaningPatchesTest.post_request_is_made_on_endpoint(String)
{
    "coords": [
        4,
        6
    ],
    "patches": 0
}
    Then status code 400 is returned                                                   # cleaningPatchesTest.status_code_is_returned(int)
      java.lang.AssertionError: expected:<201> but was:<400>
	at org.junit.Assert.fail(Assert.java:88)
	at org.junit.Assert.failNotEquals(Assert.java:834)
	at org.junit.Assert.assertEquals(Assert.java:645)
	at org.junit.Assert.assertEquals(Assert.java:631)
	at stepDefinitions.cleaningPatchesTest.status_code_is_returned(cleaningPatchesTest.java:86)
	at ?.status code 400 is returned(file:src/test/resources/features/errorDisplay.feature:11)

    And Error message should display as "Wrong instructions display"                   # cleaningPatchesTest.error_message_should_display_as(String)
]]></system-out>
  </testcase>
  <testcase name="Robot must placed inside the room - error message displayed" classname="Testing  Error Message display" time="0.04"/>
  <testcase name="Robot must placed inside the room - error message displayed" classname="Testing  Error Message display" time="0.033">
    <failure message="expected:&lt;201&gt; but was:&lt;400&gt;" type="java.lang.AssertionError"><![CDATA[java.lang.AssertionError: expected:<201> but was:<400>
	at org.junit.Assert.fail(Assert.java:88)
	at org.junit.Assert.failNotEquals(Assert.java:834)
	at org.junit.Assert.assertEquals(Assert.java:645)
	at org.junit.Assert.assertEquals(Assert.java:631)
	at stepDefinitions.cleaningPatchesTest.status_code_is_returned(cleaningPatchesTest.java:86)
	at ✽.status code 400 is returned(file:src/test/resources/features/errorDisplay.feature:23)
]]></failure>
    <system-out><![CDATA[
  Scenario Outline: Robot must placed inside the room - error message displayed        # src/test/resources/features/errorDisplay.feature:28
    Given the roomsize "5,5", coords "1,5", "NN" as instructions                       # cleaningPatchesTest.the_roomsize_coords_patches_and_as_instructions(String,String,String)
1,0
2,2
2,3
    And the patches listofpatches                                                      # cleaningPatchesTest.the_patches_listofpatches(DataTable)
    When post request is made on "http://localhost:8080/v1/cleaning-sessions" endpoint # cleaningPatchesTest.post_request_is_made_on_endpoint(String)
{
    "coords": [
        1,
        5
    ],
    "patches": 0
}
    Then status code 400 is returned                                                   # cleaningPatchesTest.status_code_is_returned(int)
      java.lang.AssertionError: expected:<201> but was:<400>
	at org.junit.Assert.fail(Assert.java:88)
	at org.junit.Assert.failNotEquals(Assert.java:834)
	at org.junit.Assert.assertEquals(Assert.java:645)
	at org.junit.Assert.assertEquals(Assert.java:631)
	at stepDefinitions.cleaningPatchesTest.status_code_is_returned(cleaningPatchesTest.java:86)
	at ?.status code 400 is returned(file:src/test/resources/features/errorDisplay.feature:23)

    And Error message should display as "Robot must placed inside the room."           # cleaningPatchesTest.error_message_should_display_as(String)
]]></system-out>
  </testcase>
  <testcase name="Robot must placed inside the room - error message displayed" classname="Testing  Error Message display" time="0.031"/>
  <testcase name="Patches must be placed inside the room - error message displayed" classname="Testing  Error Message display" time="0.034"/>
</testsuite>