-------------------------------------------------------------------------------
Test set: TestRunner
-------------------------------------------------------------------------------
Tests run: 14, Failures: 7, Errors: 0, Skipped: 0, Time elapsed: 6.518 sec <<< FAILURE! - in TestRunner
TS1 and TS2 - Verify response  Changing Instructions only(Testing Patches and final hover positions)  Time elapsed: 0.094 sec  <<< FAILURE!
java.lang.AssertionError: expected:<4> but was:<3>
	at org.junit.Assert.fail(Assert.java:88)
	at org.junit.Assert.failNotEquals(Assert.java:834)
	at org.junit.Assert.assertEquals(Assert.java:645)
	at org.junit.Assert.assertEquals(Assert.java:631)
	at stepDefinitions.cleaningPatchesTest.number_of_cleaned_patches_is_displayed(cleaningPatchesTest.java:98)
	at ✽.Number of cleaned patches 3 is displayed(file:src/test/resources/features/cleaningPatches.feature:13)

TS3 - Verify response Changing Coords only(Testing Patches and final hover positions)  Time elapsed: 0.087 sec  <<< FAILURE!
java.lang.AssertionError: expected:<3> but was:<2>
	at org.junit.Assert.fail(Assert.java:88)
	at org.junit.Assert.failNotEquals(Assert.java:834)
	at org.junit.Assert.assertEquals(Assert.java:645)
	at org.junit.Assert.assertEquals(Assert.java:631)
	at stepDefinitions.cleaningPatchesTest.number_of_cleaned_patches_is_displayed(cleaningPatchesTest.java:98)
	at ✽.Number of cleaned patches 2 is displayed(file:src/test/resources/features/cleaningPatches.feature:26)

TS5 - Verify response  Changing patches and instructions only(Testing Patches and final hover positions)  Time elapsed: 0.059 sec  <<< FAILURE!
org.junit.ComparisonFailure: expected:<[[1], 1]> but was:<[[2], 1]>
	at org.junit.Assert.assertEquals(Assert.java:115)
	at org.junit.Assert.assertEquals(Assert.java:144)
	at stepDefinitions.cleaningPatchesTest.final_coords_are_are_returned(cleaningPatchesTest.java:92)
	at ✽.Final coords are "[2, 1]" are returned(file:src/test/resources/features/cleaningPatches.feature:47)

TS6 - Verify response Changing Coords and Instructions only(Testing Patches and final hover positions)  Time elapsed: 0.084 sec  <<< FAILURE!
org.junit.ComparisonFailure: expected:<[[1], 4]> but was:<[[0], 4]>
	at org.junit.Assert.assertEquals(Assert.java:115)
	at org.junit.Assert.assertEquals(Assert.java:144)
	at stepDefinitions.cleaningPatchesTest.final_coords_are_are_returned(cleaningPatchesTest.java:92)
	at ✽.Final coords are "[0, 4]" are returned(file:src/test/resources/features/cleaningPatches.feature:56)

TS7 - Verifying no of patches cleared - changing coords and patches but instructions fixed(Testing Patches and final hover positions)  Time elapsed: 0.041 sec  <<< FAILURE!
org.junit.ComparisonFailure: expected:<[[1], 3]> but was:<[[2], 3]>
	at org.junit.Assert.assertEquals(Assert.java:115)
	at org.junit.Assert.assertEquals(Assert.java:144)
	at stepDefinitions.cleaningPatchesTest.final_coords_are_are_returned(cleaningPatchesTest.java:92)
	at ✽.Final coords are "[2, 3]" are returned(file:src/test/resources/features/cleaningPatches.feature:69)

Wrong Instructions provided - error message displayed(Testing  Error Message display)  Time elapsed: 0.043 sec  <<< FAILURE!
java.lang.AssertionError: expected:<201> but was:<400>
	at org.junit.Assert.fail(Assert.java:88)
	at org.junit.Assert.failNotEquals(Assert.java:834)
	at org.junit.Assert.assertEquals(Assert.java:645)
	at org.junit.Assert.assertEquals(Assert.java:631)
	at stepDefinitions.cleaningPatchesTest.status_code_is_returned(cleaningPatchesTest.java:86)
	at ✽.status code 400 is returned(file:src/test/resources/features/errorDisplay.feature:11)

Robot must placed inside the room - error message displayed(Testing  Error Message display)  Time elapsed: 0.033 sec  <<< FAILURE!
java.lang.AssertionError: expected:<201> but was:<400>
	at org.junit.Assert.fail(Assert.java:88)
	at org.junit.Assert.failNotEquals(Assert.java:834)
	at org.junit.Assert.assertEquals(Assert.java:645)
	at org.junit.Assert.assertEquals(Assert.java:631)
	at stepDefinitions.cleaningPatchesTest.status_code_is_returned(cleaningPatchesTest.java:86)
	at ✽.status code 400 is returned(file:src/test/resources/features/errorDisplay.feature:23)

